<?xml version="1.0" encoding="UTF-8"?>
<!-- Generated by org.testng.reporters.JUnitReportReporter -->
<testsuite hostname="Laptop-PR-15" failures="0" tests="2" name="com.follo.enginerunner.EngineRunner" time="36.087" errors="0" timestamp="2022-05-23T10:32:35 IST" skipped="0">
  <testcase classname="com.follo.enginerunner.EngineRunner" name="runScenario" time="16.632"/>
  <system-out/>
  <testcase classname="com.follo.enginerunner.EngineRunner" name="runScenario" time="19.455"/>
  <system-out/>
</testsuite> <!-- com.follo.enginerunner.EngineRunner -->
